[debug] [2020-02-27T15:24:50.931Z] ----------------------------------------------------------------------
[debug] [2020-02-27T15:24:50.933Z] Command:       C:\Program Files\nodejs\node.exe C:\Users\Mega-PC\AppData\Roaming\npm\node_modules\firebase-tools\lib\bin\firebase.js deploy
[debug] [2020-02-27T15:24:50.933Z] CLI Version:   7.12.1
[debug] [2020-02-27T15:24:50.933Z] Platform:      win32
[debug] [2020-02-27T15:24:50.933Z] Node Version:  v12.13.1
[debug] [2020-02-27T15:24:50.934Z] Time:          Thu Feb 27 2020 16:24:50 GMT+0100 (Central European Standard Time)
[debug] [2020-02-27T15:24:50.934Z] ----------------------------------------------------------------------
[debug] [2020-02-27T15:24:50.934Z] 
[debug] [2020-02-27T15:24:50.944Z] > command requires scopes: ["email","openid","https://www.googleapis.com/auth/cloudplatformprojects.readonly","https://www.googleapis.com/auth/firebase","https://www.googleapis.com/auth/cloud-platform"]
[debug] [2020-02-27T15:24:50.944Z] > authorizing via signed-in user
[debug] [2020-02-27T15:24:50.944Z] [iam] checking project payp-27246 for permissions ["firebase.projects.get","firebasehosting.sites.update"]
[debug] [2020-02-27T15:24:50.945Z] >>> HTTP REQUEST POST https://cloudresourcemanager.googleapis.com/v1/projects/payp-27246:testIamPermissions  

[debug] [2020-02-27T15:24:51.955Z] <<< HTTP RESPONSE 200
[debug] [2020-02-27T15:24:51.957Z] >>> HTTP REQUEST GET https://firebase.googleapis.com/v1beta1/projects/payp-27246  
 
[debug] [2020-02-27T15:24:52.279Z] <<< HTTP RESPONSE 200
[info] 
[info] === Deploying to 'payp-27246'...
[info] 
[info] i  deploying hosting
[debug] [2020-02-27T15:24:52.286Z] >>> HTTP REQUEST POST https://firebasehosting.googleapis.com/v1beta1/sites/payp-27246/versions  

[debug] [2020-02-27T15:24:55.495Z] <<< HTTP RESPONSE 200
[info] i  hosting[payp-27246]: beginning deploy...
[info] i  hosting[payp-27246]: found 18 files in dist/netflix
[debug] [2020-02-27T15:24:55.591Z] [hosting] hash cache [ZGlzdFxuZXRmbGl4] stored for 18 files
[debug] [2020-02-27T15:24:55.591Z] [hosting][hash queue][FINAL]
[debug] [2020-02-27T15:24:55.591Z] >>> HTTP REQUEST POST https://firebasehosting.googleapis.com/v1beta1/sites/payp-27246/versions/82f4dad12de2a799:populateFiles  
 <request body omitted>
[debug] [2020-02-27T15:24:56.855Z] <<< HTTP RESPONSE 200
[debug] [2020-02-27T15:24:56.869Z] [hosting][populate queue][FINAL]
[debug] [2020-02-27T15:24:56.869Z] [hosting] uploads queued: 17
